c:\users\fabia\desktop\riptide\indigo\debug\imgui_draw.obj
c:\users\fabia\desktop\riptide\indigo\debug\spoofed.obj
c:\users\fabia\desktop\riptide\indigo\debug\cfgmsgpop.obj
c:\users\fabia\desktop\riptide\indigo\debug\csx_memory.obj
c:\users\fabia\desktop\riptide\indigo\debug\vector2d.obj
c:\users\fabia\desktop\riptide\indigo\debug\imgui_impl_dx9.obj
c:\users\fabia\desktop\riptide\indigo\debug\vector4d.obj
c:\users\fabia\desktop\riptide\indigo\debug\vmatrix.obj
c:\users\fabia\desktop\riptide\indigo\debug\cgrenadeapi.obj
c:\users\fabia\desktop\riptide\indigo\debug\csx_log.obj
c:\users\fabia\desktop\riptide\indigo\debug\crc.obj
c:\users\fabia\desktop\riptide\indigo\debug\vector.obj
c:\users\fabia\desktop\riptide\indigo\debug\csx_hook.obj
c:\users\fabia\desktop\riptide\indigo\debug\csx_utils.obj
c:\users\fabia\desktop\riptide\indigo\debug\imgui.obj
c:\users\fabia\desktop\riptide\indigo\debug\sounds.obj
c:\users\fabia\desktop\riptide\indigo\debug\csx_cvar.obj
c:\users\fabia\desktop\riptide\indigo\debug\reflectiveloader.obj
c:\users\fabia\desktop\riptide\indigo\debug\keyvalues.obj
c:\users\fabia\desktop\riptide 2.0.1\indigo\debug\spoofed.obj
c:\users\fabia\desktop\riptide 2.0.1\indigo\debug\sounds.obj
c:\users\fabia\desktop\riptide 2.0.1\indigo\debug\csx_utils.obj
c:\users\fabia\desktop\riptide 2.0.1\indigo\debug\crc.obj
c:\users\fabia\desktop\riptide 2.0.1\indigo\debug\keyvalues.obj
c:\users\fabia\desktop\riptide 2.0.1\indigo\debug\csx_cvar.obj
c:\users\fabia\desktop\riptide 2.0.1\indigo\debug\imgui.obj
c:\users\fabia\desktop\riptide 2.0.1\indigo\debug\ivpanel.obj
c:\users\fabia\desktop\riptide 2.0.1\indigo\debug\cfgmsgpop.obj
c:\users\fabia\desktop\riptide 2.0.1\indigo\debug\csx_memory.obj
c:\users\fabia\desktop\riptide 2.0.1\indigo\debug\imgui_draw.obj
c:\users\fabia\desktop\riptide 2.0.1\indigo\debug\vector2d.obj
c:\users\fabia\desktop\riptide 2.0.1\indigo\debug\cgrenadeapi.obj
c:\users\fabia\desktop\riptide 2.0.1\indigo\debug\csx_log.obj
c:\users\fabia\desktop\riptide 2.0.1\indigo\debug\reflectiveloader.obj
c:\users\fabia\desktop\riptide 2.0.1\indigo\debug\vector4d.obj
c:\users\fabia\desktop\riptide 2.0.1\indigo\debug\vmatrix.obj
c:\users\fabia\desktop\riptide 2.0.1\indigo\debug\imgui_impl_dx9.obj
c:\users\fabia\desktop\riptide 2.0.1\indigo\debug\vector.obj
c:\users\fabia\desktop\neuer ordner\riptide 2.0.2\indigo\debug\csx_cvar.obj
c:\users\fabia\desktop\neuer ordner\riptide 2.0.2\indigo\debug\csx_utils.obj
c:\users\fabia\desktop\neuer ordner\riptide 2.0.2\indigo\debug\keyvalues.obj
c:\users\fabia\desktop\neuer ordner\riptide 2.0.2\indigo\debug\imgui_draw.obj
c:\users\fabia\desktop\neuer ordner\riptide 2.0.2\indigo\debug\sounds.obj
c:\users\fabia\desktop\neuer ordner\riptide 2.0.2\indigo\debug\csx_hook.obj
c:\users\fabia\desktop\neuer ordner\riptide 2.0.2\indigo\debug\vector2d.obj
c:\users\fabia\desktop\neuer ordner\riptide 2.0.2\indigo\debug\csx_log.obj
c:\users\fabia\desktop\neuer ordner\riptide 2.0.2\indigo\debug\imgui.obj
c:\users\fabia\desktop\neuer ordner\riptide 2.0.2\indigo\debug\crc.obj
c:\users\fabia\desktop\neuer ordner\riptide 2.0.2\indigo\debug\ivpanel.obj
c:\users\fabia\desktop\neuer ordner\riptide 2.0.2\indigo\debug\cfgmsgpop.obj
c:\users\fabia\desktop\neuer ordner\riptide 2.0.2\indigo\debug\csx_memory.obj
c:\users\fabia\desktop\neuer ordner\riptide 2.0.2\indigo\debug\vector.obj
c:\users\fabia\desktop\neuer ordner\riptide 2.0.2\indigo\debug\cgrenadeapi.obj
c:\users\fabia\desktop\neuer ordner\riptide 2.0.2\indigo\debug\imgui_impl_dx9.obj
c:\users\fabia\desktop\neuer ordner\riptide 2.0.2\indigo\debug\reflectiveloader.obj
c:\users\fabia\desktop\neuer ordner\riptide 2.0.2\indigo\debug\vector4d.obj
c:\users\fabia\desktop\neuer ordner\riptide 2.0.2\indigo\debug\vmatrix.obj
c:\users\fabia\desktop\neuer ordner\riptide 2.0.2\indigo\debug\spoofed.obj
c:\users\martin\desktop\riptide21\indigo\debug\cfgmsgpop.obj
c:\users\martin\desktop\riptide21\indigo\debug\csx_cvar.obj
c:\users\martin\desktop\riptide21\indigo\debug\cgrenadeapi.obj
c:\users\martin\desktop\riptide21\indigo\debug\csx_memory.obj
c:\users\martin\desktop\riptide21\indigo\debug\csx_log.obj
c:\users\martin\desktop\riptide21\indigo\debug\csx_hook.obj
c:\users\martin\desktop\riptide21\indigo\debug\vc141.pdb
c:\users\martin\desktop\riptide21\indigo\debug\client.obj
c:\users\martin\desktop\riptide21\indigo\debug\skin.obj
c:\users\martin\desktop\riptide21\indigo\debug\hook.obj
c:\users\martin\desktop\riptide21\indigo\debug\render.obj
c:\users\martin\desktop\riptide21\indigo\debug\imgui_draw.obj
c:\users\martin\desktop\riptide21\indigo\debug\main.obj
c:\users\martin\desktop\riptide21\indigo\debug\sdk.obj
c:\users\martin\desktop\riptide21\indigo\debug\vector.obj
c:\users\martin\desktop\riptide21\indigo\debug\base_gcmessages.pb.obj
c:\users\martin\desktop\riptide21\indigo\debug\engine_gcmessages.pb.obj
c:\users\martin\desktop\riptide21\indigo\debug\gcsdk_gcmessages.pb.obj
c:\users\martin\desktop\riptide21\indigo\debug\steammessages.pb.obj
c:\users\martin\desktop\riptide21\indigo\debug\lagcomp.obj
c:\users\martin\desktop\riptide21\indigo\debug\dynskin.obj
c:\users\martin\desktop\riptide21\indigo\debug\entity.obj
c:\users\martin\desktop\riptide21\indigo\debug\players.obj
c:\users\martin\desktop\riptide21\indigo\debug\imgui.obj
c:\users\martin\desktop\riptide21\indigo\debug\imgui_impl_dx9.obj
c:\users\martin\desktop\riptide21\indigo\debug\crc.obj
c:\users\martin\desktop\riptide21\indigo\debug\sounds.obj
c:\users\martin\desktop\riptide21\indigo\debug\vector2d.obj
c:\users\martin\desktop\riptide21\indigo\debug\cstrike15_gcmessages.pb.obj
c:\users\martin\desktop\riptide21\indigo\debug\steamdatagram_messages.pb.obj
c:\users\martin\desktop\riptide21\indigo\debug\aimbot.obj
c:\users\martin\desktop\riptide21\indigo\debug\misc.obj
c:\users\martin\desktop\riptide21\indigo\debug\engine.obj
c:\users\martin\desktop\riptide21\indigo\debug\offset.obj
c:\users\martin\desktop\riptide21\indigo\debug\gui.obj
c:\users\martin\desktop\riptide21\indigo\debug\reflectiveloader.obj
c:\users\martin\desktop\riptide21\indigo\debug\keyvalues.obj
c:\users\martin\desktop\riptide21\indigo\debug\vmatrix.obj
c:\users\martin\desktop\riptide21\indigo\debug\vector4d.obj
c:\users\martin\desktop\riptide21\indigo\debug\econ_gcmessages.pb.obj
c:\users\martin\desktop\riptide21\indigo\debug\fatdemo.pb.obj
c:\users\martin\desktop\riptide21\indigo\debug\netmessages.pb.obj
c:\users\martin\desktop\riptide21\indigo\debug\csx_utils.obj
c:\users\martin\desktop\riptide21\indigo\debug\esp.obj
c:\users\martin\desktop\riptide21\indigo\debug\triggerbot.obj
c:\users\martin\desktop\riptide21\indigo\debug\netvar.obj
c:\users\martin\desktop\riptide21\indigo\debug\weapon.obj
c:\users\martin\desktop\riptide21\indigo\debug\license.obj
c:\users\martin\desktop\riptide21\indigo\debug\ivpanel.obj
c:\users\martin\desktop\riptide21\indigo\debug\spoofed.obj
c:\users\martin\desktop\riptide21\indigo\debug\settings.obj
c:\users\martin\desktop\riptide21\indigo\debug\gcsystemmsgs.pb.obj
c:\users\martin\desktop\riptide21\indigo\debug\network_connection.pb.obj
c:\users\martin\desktop\riptide21\indigo\debug\vc141.idb
c:\users\martin\desktop\riptide21\indigo\debug\riptide release.tlog\cl.10216.write.1.tlog
c:\users\martin\desktop\riptide21\indigo\debug\riptide release.tlog\cl.command.1.tlog
c:\users\martin\desktop\riptide21\indigo\debug\riptide release.tlog\cl.read.1.tlog
c:\users\martin\desktop\riptide21\indigo\debug\riptide release.tlog\link-cvtres.read.1.tlog
c:\users\martin\desktop\riptide21\indigo\debug\riptide release.tlog\link-cvtres.write.1.tlog
c:\users\martin\desktop\riptide21\indigo\debug\riptide release.tlog\link-rc.read.1.tlog
c:\users\martin\desktop\riptide21\indigo\debug\riptide release.tlog\link-rc.write.1.tlog
c:\users\martin\desktop\riptide21\indigo\debug\riptide release.tlog\link.command.1.tlog
c:\users\martin\desktop\riptide21\indigo\debug\riptide release.tlog\link.read.1.tlog
c:\users\martin\desktop\riptide21\indigo\debug\riptide release.tlog\link.write.1.tlog
