c:\users\fabia\desktop\neuer ordner\riptide 2.0.2\indigo\release\vc141.pdb
c:\users\fabia\desktop\neuer ordner\riptide 2.0.2\indigo\release\csx_utils.obj
c:\users\fabia\desktop\neuer ordner\riptide 2.0.2\indigo\release\csx_memory.obj
c:\users\fabia\desktop\neuer ordner\riptide 2.0.2\indigo\release\csx_log.obj
c:\users\fabia\desktop\neuer ordner\riptide 2.0.2\indigo\release\csx_hook.obj
c:\users\fabia\desktop\neuer ordner\riptide 2.0.2\indigo\release\csx_cvar.obj
c:\users\fabia\desktop\neuer ordner\riptide 2.0.2\indigo\release\cfgmsgpop.obj
c:\users\fabia\desktop\neuer ordner\riptide 2.0.2\indigo\release\cgrenadeapi.obj
c:\users\fabia\desktop\neuer ordner\riptide 2.0.2\indigo\release\vector2d.obj
c:\users\fabia\desktop\neuer ordner\riptide 2.0.2\indigo\release\vector.obj
c:\users\fabia\desktop\neuer ordner\riptide 2.0.2\indigo\release\spoofed.obj
c:\users\fabia\desktop\neuer ordner\riptide 2.0.2\indigo\release\sounds.obj
c:\users\fabia\desktop\neuer ordner\riptide 2.0.2\indigo\release\keyvalues.obj
c:\users\fabia\desktop\neuer ordner\riptide 2.0.2\indigo\release\ivpanel.obj
c:\users\fabia\desktop\neuer ordner\riptide 2.0.2\indigo\release\crc.obj
c:\users\fabia\desktop\neuer ordner\riptide 2.0.2\indigo\release\reflectiveloader.obj
c:\users\fabia\desktop\neuer ordner\riptide 2.0.2\indigo\release\imgui_impl_dx9.obj
c:\users\fabia\desktop\neuer ordner\riptide 2.0.2\indigo\release\imgui_draw.obj
c:\users\fabia\desktop\neuer ordner\riptide 2.0.2\indigo\release\imgui.obj
c:\users\fabia\desktop\neuer ordner\riptide 2.0.2\indigo\release\vmatrix.obj
c:\users\fabia\desktop\neuer ordner\riptide 2.0.2\indigo\release\vector4d.obj
c:\users\fabia\desktop\neuer ordner\riptide 2.0.2\indigo\release\riptide release.tlog\cl.command.1.tlog
c:\users\fabia\desktop\neuer ordner\riptide 2.0.2\indigo\release\riptide release.tlog\cl.read.1.tlog
c:\users\fabia\desktop\neuer ordner\riptide 2.0.2\indigo\release\riptide release.tlog\cl.write.1.tlog
